;  LST file generated by mikroListExporter - v.2.0 
; Date/Time: 11/05/2023 7:56:00 PM
;----------------------------------------------

;Address Opcode 	ASM
0x0000	0x29FA      	GOTO       506
_interrupt:
0x0004	0x00FF      	MOVWF      R15
0x0005	0x0E03      	SWAPF      STATUS, 0
0x0006	0x0183      	CLRF       STATUS
0x0007	0x00E8      	MOVWF      ___saveSTATUS
0x0008	0x080A      	MOVF       PCLATH, 0
0x0009	0x00E6      	MOVWF      ___savePCLATH
0x000A	0x018A      	CLRF       PCLATH
;MyProject.c,102 :: 		void interrupt() {        // Interrupt handler
;MyProject.c,103 :: 		if (INTCON.TMR0IF==1) {     // check for timer 0 interrupt flag
0x000B	0x1D0B      	BTFSS      INTCON, 2
0x000C	0x2813      	GOTO       L_interrupt26
;MyProject.c,104 :: 		counter++;                // increment 1 every interrupt
0x000D	0x0AA0      	INCF       _counter, 1
0x000E	0x1903      	BTFSC      STATUS, 2
0x000F	0x0AA1      	INCF       _counter+1, 1
;MyProject.c,105 :: 		INTCON.TMR0IF=0;          // reset the TMR0IF flag
0x0010	0x110B      	BCF        INTCON, 2
;MyProject.c,106 :: 		TMR0=6;                   // store 6 in the TMR0 register
0x0011	0x3006      	MOVLW      6
0x0012	0x0081      	MOVWF      TMR0
;MyProject.c,107 :: 		}
L_interrupt26:
;MyProject.c,108 :: 		}
L_end_interrupt:
L__interrupt33:
0x0013	0x0866      	MOVF       ___savePCLATH, 0
0x0014	0x008A      	MOVWF      PCLATH
0x0015	0x0E68      	SWAPF      ___saveSTATUS, 0
0x0016	0x0083      	MOVWF      STATUS
0x0017	0x0EFF      	SWAPF      R15, 1
0x0018	0x0E7F      	SWAPF      R15, 0
0x0019	0x0009      	RETFIE
; end of _interrupt
_Delay_1us:
;__Lib_Delays.c,7 :: 		void Delay_1us() {
;__Lib_Delays.c,8 :: 		Delay_us(1);
0x001A	0x0000      	NOP
;__Lib_Delays.c,9 :: 		}
L_end_Delay_1us:
0x001B	0x0008      	RETURN
; end of _Delay_1us
_Delay_5500us:
;__Lib_Delays.c,31 :: 		void Delay_5500us() {
;__Lib_Delays.c,32 :: 		Delay_us(5500);
0x001C	0x3008      	MOVLW      8
0x001D	0x1283      	BCF        STATUS, 5
0x001E	0x1303      	BCF        STATUS, 6
0x001F	0x00FC      	MOVWF      R12
0x0020	0x3023      	MOVLW      35
0x0021	0x00FD      	MOVWF      R13
L_Delay_5500us5:
0x0022	0x0BFD      	DECFSZ     R13, 1
0x0023	0x2822      	GOTO       L_Delay_5500us5
0x0024	0x0BFC      	DECFSZ     R12, 1
0x0025	0x2822      	GOTO       L_Delay_5500us5
;__Lib_Delays.c,33 :: 		}
L_end_Delay_5500us:
0x0026	0x0008      	RETURN
; end of _Delay_5500us
_Delay_50us:
;__Lib_Delays.c,19 :: 		void Delay_50us() {
;__Lib_Delays.c,20 :: 		Delay_us(50);
0x0027	0x3010      	MOVLW      16
0x0028	0x1283      	BCF        STATUS, 5
0x0029	0x1303      	BCF        STATUS, 6
0x002A	0x00FD      	MOVWF      R13
L_Delay_50us2:
0x002B	0x0BFD      	DECFSZ     R13, 1
0x002C	0x282B      	GOTO       L_Delay_50us2
0x002D	0x0000      	NOP
;__Lib_Delays.c,21 :: 		}
L_end_Delay_50us:
0x002E	0x0008      	RETURN
; end of _Delay_50us
_Lcd_Cmd:
;__Lib_Lcd.c,18 :: 		
;__Lib_Lcd.c,20 :: 		
0x002F	0x1683      	BSF        STATUS, 5
0x0030	0x1303      	BCF        STATUS, 6
0x0031	0x1BA2      	BTFSC      FARG_Lcd_Cmd_out_char, 7
0x0032	0x2836      	GOTO       L__Lcd_Cmd21
0x0033	0x1283      	BCF        STATUS, 5
0x0034	0x1187      	BCF        LCD_D7, BitPos(LCD_D7+0)
0x0035	0x2838      	GOTO       L__Lcd_Cmd22
L__Lcd_Cmd21:
0x0036	0x1283      	BCF        STATUS, 5
0x0037	0x1587      	BSF        LCD_D7, BitPos(LCD_D7+0)
L__Lcd_Cmd22:
;__Lib_Lcd.c,21 :: 		
0x0038	0x1683      	BSF        STATUS, 5
0x0039	0x1B22      	BTFSC      FARG_Lcd_Cmd_out_char, 6
0x003A	0x283E      	GOTO       L__Lcd_Cmd23
0x003B	0x1283      	BCF        STATUS, 5
0x003C	0x1107      	BCF        LCD_D6, BitPos(LCD_D6+0)
0x003D	0x2840      	GOTO       L__Lcd_Cmd24
L__Lcd_Cmd23:
0x003E	0x1283      	BCF        STATUS, 5
0x003F	0x1507      	BSF        LCD_D6, BitPos(LCD_D6+0)
L__Lcd_Cmd24:
;__Lib_Lcd.c,22 :: 		
0x0040	0x1683      	BSF        STATUS, 5
0x0041	0x1AA2      	BTFSC      FARG_Lcd_Cmd_out_char, 5
0x0042	0x2846      	GOTO       L__Lcd_Cmd25
0x0043	0x1283      	BCF        STATUS, 5
0x0044	0x1087      	BCF        LCD_D5, BitPos(LCD_D5+0)
0x0045	0x2848      	GOTO       L__Lcd_Cmd26
L__Lcd_Cmd25:
0x0046	0x1283      	BCF        STATUS, 5
0x0047	0x1487      	BSF        LCD_D5, BitPos(LCD_D5+0)
L__Lcd_Cmd26:
;__Lib_Lcd.c,23 :: 		
0x0048	0x1683      	BSF        STATUS, 5
0x0049	0x1A22      	BTFSC      FARG_Lcd_Cmd_out_char, 4
0x004A	0x284E      	GOTO       L__Lcd_Cmd27
0x004B	0x1283      	BCF        STATUS, 5
0x004C	0x1007      	BCF        LCD_D4, BitPos(LCD_D4+0)
0x004D	0x2850      	GOTO       L__Lcd_Cmd28
L__Lcd_Cmd27:
0x004E	0x1283      	BCF        STATUS, 5
0x004F	0x1407      	BSF        LCD_D4, BitPos(LCD_D4+0)
L__Lcd_Cmd28:
;__Lib_Lcd.c,25 :: 		
0x0050	0x1867      	BTFSC      __Lib_Lcd_cmd_status, BitPos(__Lib_Lcd_cmd_status+0)
0x0051	0x2854      	GOTO       L__Lcd_Cmd29
0x0052	0x1607      	BSF        LCD_RS, BitPos(LCD_RS+0)
0x0053	0x2855      	GOTO       L__Lcd_Cmd30
L__Lcd_Cmd29:
0x0054	0x1207      	BCF        LCD_RS, BitPos(LCD_RS+0)
L__Lcd_Cmd30:
;__Lib_Lcd.c,28 :: 		
0x0055	0x1687      	BSF        LCD_EN, BitPos(LCD_EN+0)
;__Lib_Lcd.c,29 :: 		
0x0056	0x201A      	CALL       _Delay_1us
;__Lib_Lcd.c,30 :: 		
0x0057	0x1287      	BCF        LCD_EN, BitPos(LCD_EN+0)
;__Lib_Lcd.c,33 :: 		
0x0058	0x1683      	BSF        STATUS, 5
0x0059	0x19A2      	BTFSC      FARG_Lcd_Cmd_out_char, 3
0x005A	0x285E      	GOTO       L__Lcd_Cmd31
0x005B	0x1283      	BCF        STATUS, 5
0x005C	0x1187      	BCF        LCD_D7, BitPos(LCD_D7+0)
0x005D	0x2860      	GOTO       L__Lcd_Cmd32
L__Lcd_Cmd31:
0x005E	0x1283      	BCF        STATUS, 5
0x005F	0x1587      	BSF        LCD_D7, BitPos(LCD_D7+0)
L__Lcd_Cmd32:
;__Lib_Lcd.c,34 :: 		
0x0060	0x1683      	BSF        STATUS, 5
0x0061	0x1922      	BTFSC      FARG_Lcd_Cmd_out_char, 2
0x0062	0x2866      	GOTO       L__Lcd_Cmd33
0x0063	0x1283      	BCF        STATUS, 5
0x0064	0x1107      	BCF        LCD_D6, BitPos(LCD_D6+0)
0x0065	0x2868      	GOTO       L__Lcd_Cmd34
L__Lcd_Cmd33:
0x0066	0x1283      	BCF        STATUS, 5
0x0067	0x1507      	BSF        LCD_D6, BitPos(LCD_D6+0)
L__Lcd_Cmd34:
;__Lib_Lcd.c,35 :: 		
0x0068	0x1683      	BSF        STATUS, 5
0x0069	0x18A2      	BTFSC      FARG_Lcd_Cmd_out_char, 1
0x006A	0x286E      	GOTO       L__Lcd_Cmd35
0x006B	0x1283      	BCF        STATUS, 5
0x006C	0x1087      	BCF        LCD_D5, BitPos(LCD_D5+0)
0x006D	0x2870      	GOTO       L__Lcd_Cmd36
L__Lcd_Cmd35:
0x006E	0x1283      	BCF        STATUS, 5
0x006F	0x1487      	BSF        LCD_D5, BitPos(LCD_D5+0)
L__Lcd_Cmd36:
;__Lib_Lcd.c,36 :: 		
0x0070	0x1683      	BSF        STATUS, 5
0x0071	0x1822      	BTFSC      FARG_Lcd_Cmd_out_char, 0
0x0072	0x2876      	GOTO       L__Lcd_Cmd37
0x0073	0x1283      	BCF        STATUS, 5
0x0074	0x1007      	BCF        LCD_D4, BitPos(LCD_D4+0)
0x0075	0x2878      	GOTO       L__Lcd_Cmd38
L__Lcd_Cmd37:
0x0076	0x1283      	BCF        STATUS, 5
0x0077	0x1407      	BSF        LCD_D4, BitPos(LCD_D4+0)
L__Lcd_Cmd38:
;__Lib_Lcd.c,38 :: 		
0x0078	0x1867      	BTFSC      __Lib_Lcd_cmd_status, BitPos(__Lib_Lcd_cmd_status+0)
0x0079	0x287C      	GOTO       L__Lcd_Cmd39
0x007A	0x1607      	BSF        LCD_RS, BitPos(LCD_RS+0)
0x007B	0x287D      	GOTO       L__Lcd_Cmd40
L__Lcd_Cmd39:
0x007C	0x1207      	BCF        LCD_RS, BitPos(LCD_RS+0)
L__Lcd_Cmd40:
;__Lib_Lcd.c,40 :: 		
0x007D	0x1687      	BSF        LCD_EN, BitPos(LCD_EN+0)
;__Lib_Lcd.c,41 :: 		
0x007E	0x201A      	CALL       _Delay_1us
;__Lib_Lcd.c,42 :: 		
0x007F	0x1287      	BCF        LCD_EN, BitPos(LCD_EN+0)
;__Lib_Lcd.c,44 :: 		
0x0080	0x1C67      	BTFSS      __Lib_Lcd_cmd_status, BitPos(__Lib_Lcd_cmd_status+0)
0x0081	0x2884      	GOTO       L_Lcd_Cmd0
;__Lib_Lcd.c,45 :: 		
0x0082	0x201C      	CALL       _Delay_5500us
0x0083	0x2885      	GOTO       L_Lcd_Cmd1
L_Lcd_Cmd0:
;__Lib_Lcd.c,47 :: 		
0x0084	0x2027      	CALL       _Delay_50us
L_Lcd_Cmd1:
;__Lib_Lcd.c,48 :: 		
L_end_Lcd_Cmd:
0x0085	0x0008      	RETURN
; end of _Lcd_Cmd
_Delay_10us:
;__Lib_Delays.c,11 :: 		void Delay_10us() {
;__Lib_Delays.c,12 :: 		Delay_us(10);
0x0086	0x3003      	MOVLW      3
0x0087	0x1283      	BCF        STATUS, 5
0x0088	0x1303      	BCF        STATUS, 6
0x0089	0x00FD      	MOVWF      R13
L_Delay_10us0:
0x008A	0x0BFD      	DECFSZ     R13, 1
0x008B	0x288A      	GOTO       L_Delay_10us0
;__Lib_Delays.c,13 :: 		}
L_end_Delay_10us:
0x008C	0x0008      	RETURN
; end of _Delay_10us
_Keypad_Key_Press:
;__Lib_Keypad4x4.c,39 :: 		
;__Lib_Keypad4x4.c,43 :: 		
0x008D	0x1283      	BCF        STATUS, 5
0x008E	0x1303      	BCF        STATUS, 6
0x008F	0x01ED      	CLRF       Keypad_Key_Press_rslt_L0
;__Lib_Keypad4x4.c,44 :: 		
0x0090	0x01EF      	CLRF       Keypad_Key_Press_loc_L0
;__Lib_Keypad4x4.c,45 :: 		
0x0091	0x1683      	BSF        STATUS, 5
0x0092	0x01A0      	CLRF       Keypad_Key_Press_rowcnt_L0
;__Lib_Keypad4x4.c,46 :: 		
0x0093	0x3010      	MOVLW      16
0x0094	0x00A1      	MOVWF      Keypad_Key_Press_shifter_L0
;__Lib_Keypad4x4.c,48 :: 		
L_Keypad_Key_Press0:
0x0095	0x3004      	MOVLW      4
0x0096	0x0220      	SUBWF      Keypad_Key_Press_rowcnt_L0, 0
0x0097	0x1803      	BTFSC      STATUS, 0
0x0098	0x28C6      	GOTO       L_Keypad_Key_Press1
;__Lib_Keypad4x4.c,50 :: 		
0x0099	0x30F0      	MOVLW      240
0x009A	0x1283      	BCF        STATUS, 5
0x009B	0x0088      	MOVWF      keypadPort
;__Lib_Keypad4x4.c,51 :: 		
0x009C	0x3080      	MOVLW      128
0x009D	0x00F0      	MOVWF      R0
0x009E	0x0870      	MOVF       R0, 0
0x009F	0x3E08      	ADDLW      keypadPort
0x00A0	0x0084      	MOVWF      FSR
0x00A1	0x1683      	BSF        STATUS, 5
0x00A2	0x0921      	COMF       Keypad_Key_Press_shifter_L0, 0
0x00A3	0x00F0      	MOVWF      R0
0x00A4	0x0870      	MOVF       R0, 0
0x00A5	0x0080      	MOVWF      INDF
;__Lib_Keypad4x4.c,55 :: 		
0x00A6	0x201A      	CALL       _Delay_1us
;__Lib_Keypad4x4.c,56 :: 		
0x00A7	0x201A      	CALL       _Delay_1us
;__Lib_Keypad4x4.c,57 :: 		
0x00A8	0x300F      	MOVLW      15
0x00A9	0x1283      	BCF        STATUS, 5
0x00AA	0x0508      	ANDWF      keypadPort, 0
0x00AB	0x00F0      	MOVWF      R0
0x00AC	0x0870      	MOVF       R0, 0
0x00AD	0x00EE      	MOVWF      Keypad_Key_Press_kdata_L0
;__Lib_Keypad4x4.c,58 :: 		
0x00AE	0x0870      	MOVF       R0, 0
0x00AF	0x1903      	BTFSC      STATUS, 2
0x00B0	0x28BD      	GOTO       L_Keypad_Key_Press2
;__Lib_Keypad4x4.c,60 :: 		
0x00B1	0x086F      	MOVF       Keypad_Key_Press_loc_L0, 0
0x00B2	0x00ED      	MOVWF      Keypad_Key_Press_rslt_L0
;__Lib_Keypad4x4.c,61 :: 		
L_Keypad_Key_Press3:
0x00B3	0x086E      	MOVF       Keypad_Key_Press_kdata_L0, 0
0x00B4	0x1903      	BTFSC      STATUS, 2
0x00B5	0x28BA      	GOTO       L_Keypad_Key_Press4
;__Lib_Keypad4x4.c,62 :: 		
0x00B6	0x0CEE      	RRF        Keypad_Key_Press_kdata_L0, 1
0x00B7	0x13EE      	BCF        Keypad_Key_Press_kdata_L0, 7
;__Lib_Keypad4x4.c,63 :: 		
0x00B8	0x0AED      	INCF       Keypad_Key_Press_rslt_L0, 1
;__Lib_Keypad4x4.c,64 :: 		
0x00B9	0x28B3      	GOTO       L_Keypad_Key_Press3
L_Keypad_Key_Press4:
;__Lib_Keypad4x4.c,66 :: 		
0x00BA	0x3004      	MOVLW      4
0x00BB	0x1683      	BSF        STATUS, 5
0x00BC	0x00A0      	MOVWF      Keypad_Key_Press_rowcnt_L0
;__Lib_Keypad4x4.c,67 :: 		
L_Keypad_Key_Press2:
0x00BD	0x1683      	BSF        STATUS, 5
;__Lib_Keypad4x4.c,68 :: 		
0x00BE	0x0DA1      	RLF        Keypad_Key_Press_shifter_L0, 1
0x00BF	0x1021      	BCF        Keypad_Key_Press_shifter_L0, 0
;__Lib_Keypad4x4.c,69 :: 		
0x00C0	0x3004      	MOVLW      4
0x00C1	0x1283      	BCF        STATUS, 5
0x00C2	0x07EF      	ADDWF      Keypad_Key_Press_loc_L0, 1
;__Lib_Keypad4x4.c,70 :: 		
0x00C3	0x1683      	BSF        STATUS, 5
0x00C4	0x0AA0      	INCF       Keypad_Key_Press_rowcnt_L0, 1
;__Lib_Keypad4x4.c,71 :: 		
0x00C5	0x2895      	GOTO       L_Keypad_Key_Press0
L_Keypad_Key_Press1:
;__Lib_Keypad4x4.c,73 :: 		
0x00C6	0x1283      	BCF        STATUS, 5
0x00C7	0x086D      	MOVF       Keypad_Key_Press_rslt_L0, 0
0x00C8	0x00F0      	MOVWF      R0
;__Lib_Keypad4x4.c,74 :: 		
L_end_Keypad_Key_Press:
0x00C9	0x0008      	RETURN
; end of _Keypad_Key_Press
_Lcd_Chr_CP:
;__Lib_Lcd.c,50 :: 		
;__Lib_Lcd.c,52 :: 		
0x00CA	0x1283      	BCF        STATUS, 5
0x00CB	0x1303      	BCF        STATUS, 6
0x00CC	0x1067      	BCF        __Lib_Lcd_cmd_status, BitPos(__Lib_Lcd_cmd_status+0)
;__Lib_Lcd.c,53 :: 		
0x00CD	0x086D      	MOVF       FARG_Lcd_Chr_CP_out_char, 0
0x00CE	0x1683      	BSF        STATUS, 5
0x00CF	0x00A2      	MOVWF      FARG_Lcd_Cmd_out_char
0x00D0	0x202F      	CALL       _Lcd_Cmd
;__Lib_Lcd.c,54 :: 		
0x00D1	0x1467      	BSF        __Lib_Lcd_cmd_status, BitPos(__Lib_Lcd_cmd_status+0)
;__Lib_Lcd.c,55 :: 		
L_end_Lcd_Chr_CP:
0x00D2	0x0008      	RETURN
; end of _Lcd_Chr_CP
_____DoICP:
;__Lib_System.c,6 :: 		
;__Lib_System.c,9 :: 		
0x00D3	0x1283      	BCF        STATUS, 5
0x00D4	0x1303      	BCF        STATUS, 6
0x00D5	0x0850      	MOVF       ___DoICPAddr+1, 0
0x00D6	0x008A      	MOVWF      PCLATH
;__Lib_System.c,10 :: 		
0x00D7	0x084F      	MOVF       ___DoICPAddr, 0
0x00D8	0x0082      	MOVWF      PCL
;__Lib_System.c,12 :: 		
L_end_____DoICP:
0x00D9	0x0008      	RETURN
; end of _____DoICP
_strcmp:
;__Lib_CString.c,115 :: 		
;__Lib_CString.c,117 :: 		
L_strcmp30:
0x00DA	0x1283      	BCF        STATUS, 5
0x00DB	0x1303      	BCF        STATUS, 6
0x00DC	0x0869      	MOVF       FARG_strcmp_s1, 0
0x00DD	0x0084      	MOVWF      FSR
0x00DE	0x0800      	MOVF       INDF, 0
0x00DF	0x1903      	BTFSC      STATUS, 2
0x00E0	0x28EE      	GOTO       L_strcmp31
0x00E1	0x0869      	MOVF       FARG_strcmp_s1, 0
0x00E2	0x0084      	MOVWF      FSR
0x00E3	0x0800      	MOVF       INDF, 0
0x00E4	0x00F1      	MOVWF      R1
0x00E5	0x086A      	MOVF       FARG_strcmp_s2, 0
0x00E6	0x0084      	MOVWF      FSR
0x00E7	0x0871      	MOVF       R1, 0
0x00E8	0x0600      	XORWF      INDF, 0
0x00E9	0x1D03      	BTFSS      STATUS, 2
0x00EA	0x28EE      	GOTO       L_strcmp31
L__strcmp112:
;__Lib_CString.c,118 :: 		
0x00EB	0x0AE9      	INCF       FARG_strcmp_s1, 1
0x00EC	0x0AEA      	INCF       FARG_strcmp_s2, 1
0x00ED	0x28DA      	GOTO       L_strcmp30
L_strcmp31:
;__Lib_CString.c,120 :: 		
0x00EE	0x0869      	MOVF       FARG_strcmp_s1, 0
0x00EF	0x0084      	MOVWF      FSR
0x00F0	0x0800      	MOVF       INDF, 0
0x00F1	0x00F0      	MOVWF      R0
0x00F2	0x086A      	MOVF       FARG_strcmp_s2, 0
0x00F3	0x0084      	MOVWF      FSR
0x00F4	0x0800      	MOVF       INDF, 0
0x00F5	0x02F0      	SUBWF      R0, 1
0x00F6	0x01F1      	CLRF       R0+1
0x00F7	0x1C03      	BTFSS      STATUS, 0
0x00F8	0x03F1      	DECF       R0+1, 1
;__Lib_CString.c,121 :: 		
L_end_strcmp:
0x00F9	0x0008      	RETURN
; end of _strcmp
_memset:
;__Lib_CString.c,77 :: 		
;__Lib_CString.c,80 :: 		
0x00FA	0x1283      	BCF        STATUS, 5
0x00FB	0x1303      	BCF        STATUS, 6
0x00FC	0x0869      	MOVF       FARG_memset_p1, 0
0x00FD	0x00F2      	MOVWF      R2
;__Lib_CString.c,81 :: 		
L_memset20:
0x00FE	0x086B      	MOVF       FARG_memset_n, 0
0x00FF	0x00F0      	MOVWF      R0
0x0100	0x086C      	MOVF       FARG_memset_n+1, 0
0x0101	0x00F1      	MOVWF      R0+1
0x0102	0x3001      	MOVLW      1
0x0103	0x02EB      	SUBWF      FARG_memset_n, 1
0x0104	0x1C03      	BTFSS      STATUS, 0
0x0105	0x03EC      	DECF       FARG_memset_n+1, 1
0x0106	0x0870      	MOVF       R0, 0
0x0107	0x0471      	IORWF      R0+1, 0
0x0108	0x1903      	BTFSC      STATUS, 2
0x0109	0x2910      	GOTO       L_memset21
;__Lib_CString.c,82 :: 		
0x010A	0x0872      	MOVF       R2, 0
0x010B	0x0084      	MOVWF      FSR
0x010C	0x086A      	MOVF       FARG_memset_character, 0
0x010D	0x0080      	MOVWF      INDF
0x010E	0x0AF2      	INCF       R2, 1
0x010F	0x28FE      	GOTO       L_memset20
L_memset21:
;__Lib_CString.c,83 :: 		
0x0110	0x0869      	MOVF       FARG_memset_p1, 0
0x0111	0x00F0      	MOVWF      R0
;__Lib_CString.c,84 :: 		
L_end_memset:
0x0112	0x0008      	RETURN
; end of _memset
_strlen:
;__Lib_CString.c,136 :: 		
;__Lib_CString.c,139 :: 		
0x0113	0x1283      	BCF        STATUS, 5
0x0114	0x1303      	BCF        STATUS, 6
0x0115	0x0869      	MOVF       FARG_strlen_s, 0
0x0116	0x00F2      	MOVWF      R2
;__Lib_CString.c,140 :: 		
L_strlen36:
0x0117	0x0872      	MOVF       R2, 0
0x0118	0x00F0      	MOVWF      R0
0x0119	0x0AF2      	INCF       R2, 1
0x011A	0x0870      	MOVF       R0, 0
0x011B	0x0084      	MOVWF      FSR
0x011C	0x0800      	MOVF       INDF, 0
0x011D	0x1903      	BTFSC      STATUS, 2
0x011E	0x2920      	GOTO       L_strlen37
;__Lib_CString.c,141 :: 		
0x011F	0x2917      	GOTO       L_strlen36
L_strlen37:
;__Lib_CString.c,142 :: 		
0x0120	0x0869      	MOVF       FARG_strlen_s, 0
0x0121	0x0272      	SUBWF      R2, 0
0x0122	0x00F0      	MOVWF      R0
0x0123	0x3001      	MOVLW      1
0x0124	0x02F0      	SUBWF      R0, 1
0x0125	0x01F1      	CLRF       R0+1
0x0126	0x1C03      	BTFSS      STATUS, 0
0x0127	0x03F1      	DECF       R0+1, 1
;__Lib_CString.c,143 :: 		
L_end_strlen:
0x0128	0x0008      	RETURN
; end of _strlen
_Lcd_Out_CP:
;__Lib_Lcd.c,57 :: 		
;__Lib_Lcd.c,58 :: 		
0x0129	0x1283      	BCF        STATUS, 5
0x012A	0x1303      	BCF        STATUS, 6
0x012B	0x01EA      	CLRF       Lcd_Out_CP_i_L0
;__Lib_Lcd.c,60 :: 		
L_Lcd_Out_CP2:
0x012C	0x086A      	MOVF       Lcd_Out_CP_i_L0, 0
0x012D	0x0769      	ADDWF      FARG_Lcd_Out_CP_text, 0
0x012E	0x0084      	MOVWF      FSR
0x012F	0x0800      	MOVF       INDF, 0
0x0130	0x1903      	BTFSC      STATUS, 2
0x0131	0x293A      	GOTO       L_Lcd_Out_CP3
;__Lib_Lcd.c,61 :: 		
0x0132	0x086A      	MOVF       Lcd_Out_CP_i_L0, 0
0x0133	0x0769      	ADDWF      FARG_Lcd_Out_CP_text, 0
0x0134	0x0084      	MOVWF      FSR
0x0135	0x0800      	MOVF       INDF, 0
0x0136	0x00ED      	MOVWF      FARG_Lcd_Chr_CP_out_char
0x0137	0x20CA      	CALL       _Lcd_Chr_CP
0x0138	0x0AEA      	INCF       Lcd_Out_CP_i_L0, 1
;__Lib_Lcd.c,62 :: 		
0x0139	0x292C      	GOTO       L_Lcd_Out_CP2
L_Lcd_Out_CP3:
;__Lib_Lcd.c,63 :: 		
L_end_Lcd_Out_CP:
0x013A	0x0008      	RETURN
; end of _Lcd_Out_CP
_Lcd_Init:
;__Lib_Lcd.c,84 :: 		
;__Lib_Lcd.c,86 :: 		
0x013B	0x1683      	BSF        STATUS, 5
0x013C	0x1303      	BCF        STATUS, 6
0x013D	0x1287      	BCF        LCD_EN_Direction, BitPos(LCD_EN_Direction+0)
;__Lib_Lcd.c,87 :: 		
0x013E	0x1207      	BCF        LCD_RS_Direction, BitPos(LCD_RS_Direction+0)
;__Lib_Lcd.c,88 :: 		
0x013F	0x1007      	BCF        LCD_D4_Direction, BitPos(LCD_D4_Direction+0)
;__Lib_Lcd.c,89 :: 		
0x0140	0x1087      	BCF        LCD_D5_Direction, BitPos(LCD_D5_Direction+0)
;__Lib_Lcd.c,90 :: 		
0x0141	0x1107      	BCF        LCD_D6_Direction, BitPos(LCD_D6_Direction+0)
;__Lib_Lcd.c,91 :: 		
0x0142	0x1187      	BCF        LCD_D7_Direction, BitPos(LCD_D7_Direction+0)
;__Lib_Lcd.c,93 :: 		
0x0143	0x1283      	BCF        STATUS, 5
0x0144	0x1287      	BCF        LCD_EN, BitPos(LCD_EN+0)
;__Lib_Lcd.c,94 :: 		
0x0145	0x1207      	BCF        LCD_RS, BitPos(LCD_RS+0)
;__Lib_Lcd.c,95 :: 		
0x0146	0x1187      	BCF        LCD_D7, BitPos(LCD_D7+0)
;__Lib_Lcd.c,96 :: 		
0x0147	0x1107      	BCF        LCD_D6, BitPos(LCD_D6+0)
;__Lib_Lcd.c,97 :: 		
0x0148	0x1087      	BCF        LCD_D5, BitPos(LCD_D5+0)
;__Lib_Lcd.c,98 :: 		
0x0149	0x1007      	BCF        LCD_D4, BitPos(LCD_D4+0)
;__Lib_Lcd.c,100 :: 		
0x014A	0x201C      	CALL       _Delay_5500us
;__Lib_Lcd.c,101 :: 		
0x014B	0x201C      	CALL       _Delay_5500us
;__Lib_Lcd.c,102 :: 		
0x014C	0x201C      	CALL       _Delay_5500us
;__Lib_Lcd.c,105 :: 		
0x014D	0x1487      	BSF        LCD_D5, BitPos(LCD_D5+0)
;__Lib_Lcd.c,106 :: 		
0x014E	0x1407      	BSF        LCD_D4, BitPos(LCD_D4+0)
;__Lib_Lcd.c,107 :: 		
0x014F	0x1687      	BSF        LCD_EN, BitPos(LCD_EN+0)
;__Lib_Lcd.c,108 :: 		
0x0150	0x201A      	CALL       _Delay_1us
;__Lib_Lcd.c,109 :: 		
0x0151	0x1287      	BCF        LCD_EN, BitPos(LCD_EN+0)
;__Lib_Lcd.c,110 :: 		
0x0152	0x201C      	CALL       _Delay_5500us
;__Lib_Lcd.c,112 :: 		
0x0153	0x1687      	BSF        LCD_EN, BitPos(LCD_EN+0)
;__Lib_Lcd.c,113 :: 		
0x0154	0x201A      	CALL       _Delay_1us
;__Lib_Lcd.c,114 :: 		
0x0155	0x1287      	BCF        LCD_EN, BitPos(LCD_EN+0)
;__Lib_Lcd.c,115 :: 		
0x0156	0x201C      	CALL       _Delay_5500us
;__Lib_Lcd.c,117 :: 		
0x0157	0x1687      	BSF        LCD_EN, BitPos(LCD_EN+0)
;__Lib_Lcd.c,118 :: 		
0x0158	0x201A      	CALL       _Delay_1us
;__Lib_Lcd.c,119 :: 		
0x0159	0x1287      	BCF        LCD_EN, BitPos(LCD_EN+0)
;__Lib_Lcd.c,120 :: 		
0x015A	0x201C      	CALL       _Delay_5500us
;__Lib_Lcd.c,123 :: 		
0x015B	0x1007      	BCF        LCD_D4, BitPos(LCD_D4+0)
;__Lib_Lcd.c,124 :: 		
0x015C	0x1687      	BSF        LCD_EN, BitPos(LCD_EN+0)
;__Lib_Lcd.c,125 :: 		
0x015D	0x201A      	CALL       _Delay_1us
;__Lib_Lcd.c,126 :: 		
0x015E	0x1287      	BCF        LCD_EN, BitPos(LCD_EN+0)
;__Lib_Lcd.c,127 :: 		
0x015F	0x201C      	CALL       _Delay_5500us
;__Lib_Lcd.c,130 :: 		
0x0160	0x1687      	BSF        LCD_EN, BitPos(LCD_EN+0)
;__Lib_Lcd.c,131 :: 		
0x0161	0x201A      	CALL       _Delay_1us
;__Lib_Lcd.c,132 :: 		
0x0162	0x1287      	BCF        LCD_EN, BitPos(LCD_EN+0)
;__Lib_Lcd.c,134 :: 		
0x0163	0x1087      	BCF        LCD_D5, BitPos(LCD_D5+0)
;__Lib_Lcd.c,135 :: 		
0x0164	0x1587      	BSF        LCD_D7, BitPos(LCD_D7+0)
;__Lib_Lcd.c,136 :: 		
0x0165	0x1687      	BSF        LCD_EN, BitPos(LCD_EN+0)
;__Lib_Lcd.c,137 :: 		
0x0166	0x201A      	CALL       _Delay_1us
;__Lib_Lcd.c,138 :: 		
0x0167	0x1287      	BCF        LCD_EN, BitPos(LCD_EN+0)
;__Lib_Lcd.c,139 :: 		
0x0168	0x201C      	CALL       _Delay_5500us
;__Lib_Lcd.c,142 :: 		
0x0169	0x1187      	BCF        LCD_D7, BitPos(LCD_D7+0)
;__Lib_Lcd.c,143 :: 		
0x016A	0x1407      	BSF        LCD_D4, BitPos(LCD_D4+0)
;__Lib_Lcd.c,144 :: 		
0x016B	0x1687      	BSF        LCD_EN, BitPos(LCD_EN+0)
;__Lib_Lcd.c,145 :: 		
0x016C	0x201A      	CALL       _Delay_1us
;__Lib_Lcd.c,146 :: 		
0x016D	0x1287      	BCF        LCD_EN, BitPos(LCD_EN+0)
;__Lib_Lcd.c,148 :: 		
0x016E	0x1007      	BCF        LCD_D4, BitPos(LCD_D4+0)
;__Lib_Lcd.c,149 :: 		
0x016F	0x1687      	BSF        LCD_EN, BitPos(LCD_EN+0)
;__Lib_Lcd.c,150 :: 		
0x0170	0x201A      	CALL       _Delay_1us
;__Lib_Lcd.c,151 :: 		
0x0171	0x1287      	BCF        LCD_EN, BitPos(LCD_EN+0)
;__Lib_Lcd.c,152 :: 		
0x0172	0x201C      	CALL       _Delay_5500us
;__Lib_Lcd.c,155 :: 		
0x0173	0x1687      	BSF        LCD_EN, BitPos(LCD_EN+0)
;__Lib_Lcd.c,156 :: 		
0x0174	0x201A      	CALL       _Delay_1us
;__Lib_Lcd.c,157 :: 		
0x0175	0x1287      	BCF        LCD_EN, BitPos(LCD_EN+0)
;__Lib_Lcd.c,159 :: 		
0x0176	0x1407      	BSF        LCD_D4, BitPos(LCD_D4+0)
;__Lib_Lcd.c,160 :: 		
0x0177	0x1687      	BSF        LCD_EN, BitPos(LCD_EN+0)
;__Lib_Lcd.c,161 :: 		
0x0178	0x201A      	CALL       _Delay_1us
;__Lib_Lcd.c,162 :: 		
0x0179	0x1287      	BCF        LCD_EN, BitPos(LCD_EN+0)
;__Lib_Lcd.c,163 :: 		
0x017A	0x201C      	CALL       _Delay_5500us
;__Lib_Lcd.c,166 :: 		
0x017B	0x1007      	BCF        LCD_D4, BitPos(LCD_D4+0)
;__Lib_Lcd.c,167 :: 		
0x017C	0x1687      	BSF        LCD_EN, BitPos(LCD_EN+0)
;__Lib_Lcd.c,168 :: 		
0x017D	0x201A      	CALL       _Delay_1us
;__Lib_Lcd.c,169 :: 		
0x017E	0x1287      	BCF        LCD_EN, BitPos(LCD_EN+0)
;__Lib_Lcd.c,171 :: 		
0x017F	0x1587      	BSF        LCD_D7, BitPos(LCD_D7+0)
;__Lib_Lcd.c,172 :: 		
0x0180	0x1507      	BSF        LCD_D6, BitPos(LCD_D6+0)
;__Lib_Lcd.c,173 :: 		
0x0181	0x1487      	BSF        LCD_D5, BitPos(LCD_D5+0)
;__Lib_Lcd.c,174 :: 		
0x0182	0x1407      	BSF        LCD_D4, BitPos(LCD_D4+0)
;__Lib_Lcd.c,175 :: 		
0x0183	0x1687      	BSF        LCD_EN, BitPos(LCD_EN+0)
;__Lib_Lcd.c,176 :: 		
0x0184	0x201A      	CALL       _Delay_1us
;__Lib_Lcd.c,177 :: 		
0x0185	0x1287      	BCF        LCD_EN, BitPos(LCD_EN+0)
;__Lib_Lcd.c,179 :: 		
0x0186	0x201C      	CALL       _Delay_5500us
;__Lib_Lcd.c,181 :: 		
0x0187	0x1467      	BSF        __Lib_Lcd_cmd_status, BitPos(__Lib_Lcd_cmd_status+0)
;__Lib_Lcd.c,182 :: 		
L_end_Lcd_Init:
0x0188	0x0008      	RETURN
; end of _Lcd_Init
_initialize_timer_Interrupt:
;MyProject.c,30 :: 		void initialize_timer_Interrupt(void){
;MyProject.c,31 :: 		TMR0IE_bit=1;          // Enable timer 0 interrupt
0x0189	0x168B      	BSF        TMR0IE_bit, BitPos(TMR0IE_bit+0)
;MyProject.c,32 :: 		GIE_bit=1;          //Enable Global Interrupt
0x018A	0x178B      	BSF        GIE_bit, BitPos(GIE_bit+0)
;MyProject.c,33 :: 		T0CS_bit=0;                  // Select f/4 clock for the TMR0
0x018B	0x1683      	BSF        STATUS, 5
0x018C	0x1303      	BCF        STATUS, 6
0x018D	0x1281      	BCF        T0CS_bit, BitPos(T0CS_bit+0)
;MyProject.c,34 :: 		PSA_bit=0;                 // Prescaler is assigned to the Timer0 module
0x018E	0x1181      	BCF        PSA_bit, BitPos(PSA_bit+0)
;MyProject.c,35 :: 		PS0_bit=1;                // Set pre-scaler to 32
0x018F	0x1401      	BSF        PS0_bit, BitPos(PS0_bit+0)
;MyProject.c,36 :: 		PS1_bit=1;                // PS2,PS1,PS0 = 100
0x0190	0x1481      	BSF        PS1_bit, BitPos(PS1_bit+0)
;MyProject.c,37 :: 		PS2_bit=1;
0x0191	0x1501      	BSF        PS2_bit, BitPos(PS2_bit+0)
;MyProject.c,38 :: 		TMR0=6;                  //counter starting value
0x0192	0x3006      	MOVLW      6
0x0193	0x1283      	BCF        STATUS, 5
0x0194	0x0081      	MOVWF      TMR0
;MyProject.c,39 :: 		}
L_end_initialize_timer_Interrupt:
0x0195	0x0008      	RETURN
; end of _initialize_timer_Interrupt
_Keypad_Key_Click:
;__Lib_Keypad4x4.c,77 :: 		
;__Lib_Keypad4x4.c,81 :: 		
0x0196	0x208D      	CALL       _Keypad_Key_Press
0x0197	0x0870      	MOVF       R0, 0
0x0198	0x00E9      	MOVWF      Keypad_Key_Click_rslt_L0
;__Lib_Keypad4x4.c,83 :: 		
L_Keypad_Key_Click5:
0x0199	0x300F      	MOVLW      15
0x019A	0x0508      	ANDWF      keypadPort, 0
0x019B	0x00F0      	MOVWF      R0
0x019C	0x1903      	BTFSC      STATUS, 2
0x019D	0x29A0      	GOTO       L_Keypad_Key_Click6
;__Lib_Keypad4x4.c,84 :: 		
0x019E	0x2086      	CALL       _Delay_10us
0x019F	0x2999      	GOTO       L_Keypad_Key_Click5
L_Keypad_Key_Click6:
;__Lib_Keypad4x4.c,86 :: 		
0x01A0	0x0869      	MOVF       Keypad_Key_Click_rslt_L0, 0
0x01A1	0x00F0      	MOVWF      R0
;__Lib_Keypad4x4.c,87 :: 		
L_end_Keypad_Key_Click:
0x01A2	0x0008      	RETURN
; end of _Keypad_Key_Click
___CC2DW:
;__Lib_System.c,134 :: 		
;__Lib_System.c,137 :: 		
_CC2D_Loop1:
;__Lib_System.c,139 :: 		
0x01A3	0x20D3      	CALL       _____DoICP
0x01A4	0x118A      	BCF        PCLATH, 3
0x01A5	0x120A      	BCF        PCLATH, 4
;__Lib_System.c,141 :: 		
0x01A6	0x0080      	MOVWF      INDF
;__Lib_System.c,142 :: 		
0x01A7	0x0A84      	INCF       FSR, 1
;__Lib_System.c,143 :: 		
0x01A8	0x0ACF      	INCF       ___DoICPAddr, 1
;__Lib_System.c,145 :: 		
0x01A9	0x1903      	BTFSC      STATUS, 2
;__Lib_System.c,146 :: 		
0x01AA	0x0AD0      	INCF       ___DoICPAddr+1, 1
;__Lib_System.c,147 :: 		
0x01AB	0x03F0      	DECF       R0, 1
;__Lib_System.c,149 :: 		
0x01AC	0x1D03      	BTFSS      STATUS, 2
;__Lib_System.c,150 :: 		
0x01AD	0x29A3      	GOTO       _CC2D_Loop1
;__Lib_System.c,152 :: 		
L_end___CC2DW:
0x01AE	0x0008      	RETURN
; end of ___CC2DW
_Keypad_Init:
;__Lib_Keypad4x4.c,34 :: 		
;__Lib_Keypad4x4.c,35 :: 		
0x01AF	0x3080      	MOVLW      128
0x01B0	0x1283      	BCF        STATUS, 5
0x01B1	0x1303      	BCF        STATUS, 6
0x01B2	0x00F0      	MOVWF      R0
0x01B3	0x0870      	MOVF       R0, 0
0x01B4	0x3E08      	ADDLW      keypadPort
0x01B5	0x0084      	MOVWF      FSR
0x01B6	0x30FF      	MOVLW      255
0x01B7	0x0080      	MOVWF      INDF
;__Lib_Keypad4x4.c,36 :: 		
L_end_Keypad_Init:
0x01B8	0x0008      	RETURN
; end of _Keypad_Init
_Lcd_Out:
;__Lib_Lcd.c,184 :: 		
;__Lib_Lcd.c,187 :: 		
0x01B9	0x29CB      	GOTO       L_Lcd_Out11
;__Lib_Lcd.c,188 :: 		
L_Lcd_Out13:
0x01BA	0x3080      	MOVLW      128
0x01BB	0x1283      	BCF        STATUS, 5
0x01BC	0x1303      	BCF        STATUS, 6
0x01BD	0x00E9      	MOVWF      FARG_Lcd_Out_row
0x01BE	0x29DE      	GOTO       L_Lcd_Out12
;__Lib_Lcd.c,189 :: 		
L_Lcd_Out14:
0x01BF	0x30C0      	MOVLW      192
0x01C0	0x00E9      	MOVWF      FARG_Lcd_Out_row
0x01C1	0x29DE      	GOTO       L_Lcd_Out12
;__Lib_Lcd.c,190 :: 		
L_Lcd_Out15:
0x01C2	0x3094      	MOVLW      148
0x01C3	0x00E9      	MOVWF      FARG_Lcd_Out_row
0x01C4	0x29DE      	GOTO       L_Lcd_Out12
;__Lib_Lcd.c,191 :: 		
L_Lcd_Out16:
0x01C5	0x30D4      	MOVLW      212
0x01C6	0x00E9      	MOVWF      FARG_Lcd_Out_row
0x01C7	0x29DE      	GOTO       L_Lcd_Out12
;__Lib_Lcd.c,192 :: 		
L_Lcd_Out17:
0x01C8	0x3080      	MOVLW      128
0x01C9	0x00E9      	MOVWF      FARG_Lcd_Out_row
;__Lib_Lcd.c,193 :: 		
0x01CA	0x29DE      	GOTO       L_Lcd_Out12
L_Lcd_Out11:
0x01CB	0x1283      	BCF        STATUS, 5
0x01CC	0x1303      	BCF        STATUS, 6
0x01CD	0x0869      	MOVF       FARG_Lcd_Out_row, 0
0x01CE	0x3A01      	XORLW      1
0x01CF	0x1903      	BTFSC      STATUS, 2
0x01D0	0x29BA      	GOTO       L_Lcd_Out13
0x01D1	0x0869      	MOVF       FARG_Lcd_Out_row, 0
0x01D2	0x3A02      	XORLW      2
0x01D3	0x1903      	BTFSC      STATUS, 2
0x01D4	0x29BF      	GOTO       L_Lcd_Out14
0x01D5	0x0869      	MOVF       FARG_Lcd_Out_row, 0
0x01D6	0x3A03      	XORLW      3
0x01D7	0x1903      	BTFSC      STATUS, 2
0x01D8	0x29C2      	GOTO       L_Lcd_Out15
0x01D9	0x0869      	MOVF       FARG_Lcd_Out_row, 0
0x01DA	0x3A04      	XORLW      4
0x01DB	0x1903      	BTFSC      STATUS, 2
0x01DC	0x29C5      	GOTO       L_Lcd_Out16
0x01DD	0x29C8      	GOTO       L_Lcd_Out17
L_Lcd_Out12:
;__Lib_Lcd.c,194 :: 		
0x01DE	0x036A      	DECF       FARG_Lcd_Out_column, 0
0x01DF	0x00F0      	MOVWF      R0
0x01E0	0x0869      	MOVF       FARG_Lcd_Out_row, 0
0x01E1	0x07F0      	ADDWF      R0, 1
0x01E2	0x0870      	MOVF       R0, 0
0x01E3	0x00E9      	MOVWF      FARG_Lcd_Out_row
;__Lib_Lcd.c,196 :: 		
0x01E4	0x0870      	MOVF       R0, 0
0x01E5	0x1683      	BSF        STATUS, 5
0x01E6	0x00A2      	MOVWF      FARG_Lcd_Cmd_out_char
0x01E7	0x202F      	CALL       _Lcd_Cmd
;__Lib_Lcd.c,197 :: 		
0x01E8	0x1067      	BCF        __Lib_Lcd_cmd_status, BitPos(__Lib_Lcd_cmd_status+0)
;__Lib_Lcd.c,198 :: 		
0x01E9	0x01EC      	CLRF       Lcd_Out_i_L0
;__Lib_Lcd.c,199 :: 		
L_Lcd_Out18:
0x01EA	0x086C      	MOVF       Lcd_Out_i_L0, 0
0x01EB	0x076B      	ADDWF      FARG_Lcd_Out_text, 0
0x01EC	0x0084      	MOVWF      FSR
0x01ED	0x0800      	MOVF       INDF, 0
0x01EE	0x1903      	BTFSC      STATUS, 2
0x01EF	0x29F8      	GOTO       L_Lcd_Out19
;__Lib_Lcd.c,200 :: 		
0x01F0	0x086C      	MOVF       Lcd_Out_i_L0, 0
0x01F1	0x076B      	ADDWF      FARG_Lcd_Out_text, 0
0x01F2	0x0084      	MOVWF      FSR
0x01F3	0x0800      	MOVF       INDF, 0
0x01F4	0x00ED      	MOVWF      FARG_Lcd_Chr_CP_out_char
0x01F5	0x20CA      	CALL       _Lcd_Chr_CP
0x01F6	0x0AEC      	INCF       Lcd_Out_i_L0, 1
0x01F7	0x29EA      	GOTO       L_Lcd_Out18
L_Lcd_Out19:
;__Lib_Lcd.c,201 :: 		
0x01F8	0x1467      	BSF        __Lib_Lcd_cmd_status, BitPos(__Lib_Lcd_cmd_status+0)
;__Lib_Lcd.c,202 :: 		
L_end_Lcd_Out:
0x01F9	0x0008      	RETURN
; end of _Lcd_Out
_main:
0x01FA	0x22FA      	CALL       762
;MyProject.c,41 :: 		void main() {
;MyProject.c,43 :: 		Motor_Direction = 0;  // Set MOTOR pin as output
0x01FB	0x1683      	BSF        STATUS, 5
0x01FC	0x1303      	BCF        STATUS, 6
0x01FD	0x1386      	BCF        TRISB7_bit, BitPos(TRISB7_bit+0)
;MyProject.c,44 :: 		Keypad_Init();
0x01FE	0x21AF      	CALL       _Keypad_Init
;MyProject.c,45 :: 		Lcd_Init();
0x01FF	0x213B      	CALL       _Lcd_Init
;MyProject.c,46 :: 		Lcd_Cmd(_LCD_CLEAR);
0x0200	0x3001      	MOVLW      1
0x0201	0x1683      	BSF        STATUS, 5
0x0202	0x00A2      	MOVWF      FARG_Lcd_Cmd_out_char
0x0203	0x202F      	CALL       _Lcd_Cmd
;MyProject.c,47 :: 		Lcd_Cmd(_LCD_CURSOR_OFF);
0x0204	0x300C      	MOVLW      12
0x0205	0x1683      	BSF        STATUS, 5
0x0206	0x00A2      	MOVWF      FARG_Lcd_Cmd_out_char
0x0207	0x202F      	CALL       _Lcd_Cmd
;MyProject.c,48 :: 		Lcd_Out(1, 1, "Enter Pass:");
0x0208	0x3001      	MOVLW      1
0x0209	0x00E9      	MOVWF      FARG_Lcd_Out_row
0x020A	0x3001      	MOVLW      1
0x020B	0x00EA      	MOVWF      FARG_Lcd_Out_column
0x020C	0x302E      	MOVLW      ?lstr1_MyProject
0x020D	0x00EB      	MOVWF      FARG_Lcd_Out_text
0x020E	0x21B9      	CALL       _Lcd_Out
;MyProject.c,49 :: 		initialize_timer_Interrupt();   // invoke timer interrupt initialization function
0x020F	0x2189      	CALL       _initialize_timer_Interrupt
;MyProject.c,52 :: 		while(1){
L_main0:
;MyProject.c,54 :: 		if(counter==63){
0x0210	0x3000      	MOVLW      0
0x0211	0x0621      	XORWF      _counter+1, 0
0x0212	0x1D03      	BTFSS      STATUS, 2
0x0213	0x2A16      	GOTO       L__main30
0x0214	0x303F      	MOVLW      63
0x0215	0x0620      	XORWF      _counter, 0
L__main30:
0x0216	0x1D03      	BTFSS      STATUS, 2
0x0217	0x2A19      	GOTO       L_main2
;MyProject.c,56 :: 		Motor_Pin = 0;  // Turn ff the Motor
0x0218	0x1386      	BCF        RB7_bit, BitPos(RB7_bit+0)
;MyProject.c,57 :: 		}
L_main2:
;MyProject.c,58 :: 		kp = 0;                                // Reset key code variable
0x0219	0x01D1      	CLRF       _kp
;MyProject.c,59 :: 		kp = Keypad_Key_Click();             // Store key code in kp variable
0x021A	0x2196      	CALL       _Keypad_Key_Click
0x021B	0x0870      	MOVF       R0, 0
0x021C	0x00D1      	MOVWF      _kp
;MyProject.c,60 :: 		if(kp && Motor_Pin ==0){
0x021D	0x0870      	MOVF       R0, 0
0x021E	0x1903      	BTFSC      STATUS, 2
0x021F	0x2AC3      	GOTO       L_main5
0x0220	0x1B86      	BTFSC      RB7_bit, BitPos(RB7_bit+0)
0x0221	0x2AC3      	GOTO       L_main5
L__main27:
;MyProject.c,61 :: 		switch (kp) {
0x0222	0x2A47      	GOTO       L_main6
;MyProject.c,62 :: 		case  1: kp = '1'; break; // 1        // Uncomment this block for keypad4x4
L_main8:
0x0223	0x3031      	MOVLW      49
0x0224	0x00D1      	MOVWF      _kp
0x0225	0x2A77      	GOTO       L_main7
;MyProject.c,63 :: 		case  2: kp = '2'; break; // 2
L_main9:
0x0226	0x3032      	MOVLW      50
0x0227	0x00D1      	MOVWF      _kp
0x0228	0x2A77      	GOTO       L_main7
;MyProject.c,64 :: 		case  3: kp = '3'; break; // 3
L_main10:
0x0229	0x3033      	MOVLW      51
0x022A	0x00D1      	MOVWF      _kp
0x022B	0x2A77      	GOTO       L_main7
;MyProject.c,65 :: 		case  5: kp = '4'; break; // 4
L_main11:
0x022C	0x3034      	MOVLW      52
0x022D	0x00D1      	MOVWF      _kp
0x022E	0x2A77      	GOTO       L_main7
;MyProject.c,66 :: 		case  6: kp = '5'; break; // 5
L_main12:
0x022F	0x3035      	MOVLW      53
0x0230	0x00D1      	MOVWF      _kp
0x0231	0x2A77      	GOTO       L_main7
;MyProject.c,67 :: 		case  7: kp = '6'; break; // 6
L_main13:
0x0232	0x3036      	MOVLW      54
0x0233	0x00D1      	MOVWF      _kp
0x0234	0x2A77      	GOTO       L_main7
;MyProject.c,68 :: 		case  9: kp = '7'; break; // 7
L_main14:
0x0235	0x3037      	MOVLW      55
0x0236	0x00D1      	MOVWF      _kp
0x0237	0x2A77      	GOTO       L_main7
;MyProject.c,69 :: 		case 10: kp = '8'; break; // 8
L_main15:
0x0238	0x3038      	MOVLW      56
0x0239	0x00D1      	MOVWF      _kp
0x023A	0x2A77      	GOTO       L_main7
;MyProject.c,70 :: 		case 11: kp = '9'; break; // 9
L_main16:
0x023B	0x3039      	MOVLW      57
0x023C	0x00D1      	MOVWF      _kp
0x023D	0x2A77      	GOTO       L_main7
;MyProject.c,71 :: 		case 13: kp = '*'; break; // *
L_main17:
0x023E	0x302A      	MOVLW      42
0x023F	0x00D1      	MOVWF      _kp
0x0240	0x2A77      	GOTO       L_main7
;MyProject.c,72 :: 		case 14: kp = '0'; break; // 0
L_main18:
0x0241	0x3030      	MOVLW      48
0x0242	0x00D1      	MOVWF      _kp
0x0243	0x2A77      	GOTO       L_main7
;MyProject.c,73 :: 		case 15: kp = '#'; break; // #
L_main19:
0x0244	0x3023      	MOVLW      35
0x0245	0x00D1      	MOVWF      _kp
0x0246	0x2A77      	GOTO       L_main7
;MyProject.c,74 :: 		}
L_main6:
0x0247	0x0851      	MOVF       _kp, 0
0x0248	0x3A01      	XORLW      1
0x0249	0x1903      	BTFSC      STATUS, 2
0x024A	0x2A23      	GOTO       L_main8
0x024B	0x0851      	MOVF       _kp, 0
0x024C	0x3A02      	XORLW      2
0x024D	0x1903      	BTFSC      STATUS, 2
0x024E	0x2A26      	GOTO       L_main9
0x024F	0x0851      	MOVF       _kp, 0
0x0250	0x3A03      	XORLW      3
0x0251	0x1903      	BTFSC      STATUS, 2
0x0252	0x2A29      	GOTO       L_main10
0x0253	0x0851      	MOVF       _kp, 0
0x0254	0x3A05      	XORLW      5
0x0255	0x1903      	BTFSC      STATUS, 2
0x0256	0x2A2C      	GOTO       L_main11
0x0257	0x0851      	MOVF       _kp, 0
0x0258	0x3A06      	XORLW      6
0x0259	0x1903      	BTFSC      STATUS, 2
0x025A	0x2A2F      	GOTO       L_main12
0x025B	0x0851      	MOVF       _kp, 0
0x025C	0x3A07      	XORLW      7
0x025D	0x1903      	BTFSC      STATUS, 2
0x025E	0x2A32      	GOTO       L_main13
0x025F	0x0851      	MOVF       _kp, 0
0x0260	0x3A09      	XORLW      9
0x0261	0x1903      	BTFSC      STATUS, 2
0x0262	0x2A35      	GOTO       L_main14
0x0263	0x0851      	MOVF       _kp, 0
0x0264	0x3A0A      	XORLW      10
0x0265	0x1903      	BTFSC      STATUS, 2
0x0266	0x2A38      	GOTO       L_main15
0x0267	0x0851      	MOVF       _kp, 0
0x0268	0x3A0B      	XORLW      11
0x0269	0x1903      	BTFSC      STATUS, 2
0x026A	0x2A3B      	GOTO       L_main16
0x026B	0x0851      	MOVF       _kp, 0
0x026C	0x3A0D      	XORLW      13
0x026D	0x1903      	BTFSC      STATUS, 2
0x026E	0x2A3E      	GOTO       L_main17
0x026F	0x0851      	MOVF       _kp, 0
0x0270	0x3A0E      	XORLW      14
0x0271	0x1903      	BTFSC      STATUS, 2
0x0272	0x2A41      	GOTO       L_main18
0x0273	0x0851      	MOVF       _kp, 0
0x0274	0x3A0F      	XORLW      15
0x0275	0x1903      	BTFSC      STATUS, 2
0x0276	0x2A44      	GOTO       L_main19
L_main7:
;MyProject.c,75 :: 		if(kp == '*')
0x0277	0x0851      	MOVF       _kp, 0
0x0278	0x3A2A      	XORLW      42
0x0279	0x1D03      	BTFSS      STATUS, 2
0x027A	0x2A94      	GOTO       L_main20
;MyProject.c,77 :: 		memset(user_password,0,strlen(user_password));
0x027B	0x3052      	MOVLW      _user_password
0x027C	0x00E9      	MOVWF      FARG_strlen_s
0x027D	0x2113      	CALL       _strlen
0x027E	0x0870      	MOVF       R0, 0
0x027F	0x00EB      	MOVWF      FARG_memset_n
0x0280	0x0871      	MOVF       R0+1, 0
0x0281	0x00EC      	MOVWF      FARG_memset_n+1
0x0282	0x3052      	MOVLW      _user_password
0x0283	0x00E9      	MOVWF      FARG_memset_p1
0x0284	0x01EA      	CLRF       FARG_memset_character
0x0285	0x20FA      	CALL       _memset
;MyProject.c,78 :: 		Lcd_Cmd(_LCD_CLEAR);
0x0286	0x3001      	MOVLW      1
0x0287	0x1683      	BSF        STATUS, 5
0x0288	0x00A2      	MOVWF      FARG_Lcd_Cmd_out_char
0x0289	0x202F      	CALL       _Lcd_Cmd
;MyProject.c,79 :: 		Lcd_Out(1, 1, "Enter Pass:");
0x028A	0x3001      	MOVLW      1
0x028B	0x00E9      	MOVWF      FARG_Lcd_Out_row
0x028C	0x3001      	MOVLW      1
0x028D	0x00EA      	MOVWF      FARG_Lcd_Out_column
0x028E	0x3022      	MOVLW      ?lstr2_MyProject
0x028F	0x00EB      	MOVWF      FARG_Lcd_Out_text
0x0290	0x21B9      	CALL       _Lcd_Out
;MyProject.c,80 :: 		pass_index =0;
0x0291	0x01CD      	CLRF       _pass_index
0x0292	0x01CE      	CLRF       _pass_index+1
;MyProject.c,81 :: 		}
0x0293	0x2AC3      	GOTO       L_main21
L_main20:
;MyProject.c,82 :: 		else if (kp == '#'){
0x0294	0x0851      	MOVF       _kp, 0
0x0295	0x3A23      	XORLW      35
0x0296	0x1D03      	BTFSS      STATUS, 2
0x0297	0x2AB8      	GOTO       L_main22
;MyProject.c,83 :: 		if(strcmp(My_pass, user_password) == 0){
0x0298	0x3048      	MOVLW      _My_pass
0x0299	0x00E9      	MOVWF      FARG_strcmp_s1
0x029A	0x3052      	MOVLW      _user_password
0x029B	0x00EA      	MOVWF      FARG_strcmp_s2
0x029C	0x20DA      	CALL       _strcmp
0x029D	0x3000      	MOVLW      0
0x029E	0x0671      	XORWF      R0+1, 0
0x029F	0x1D03      	BTFSS      STATUS, 2
0x02A0	0x2AA3      	GOTO       L__main31
0x02A1	0x3000      	MOVLW      0
0x02A2	0x0670      	XORWF      R0, 0
L__main31:
0x02A3	0x1D03      	BTFSS      STATUS, 2
0x02A4	0x2AB0      	GOTO       L_main23
;MyProject.c,84 :: 		Lcd_Cmd(_LCD_CLEAR);
0x02A5	0x3001      	MOVLW      1
0x02A6	0x1683      	BSF        STATUS, 5
0x02A7	0x00A2      	MOVWF      FARG_Lcd_Cmd_out_char
0x02A8	0x202F      	CALL       _Lcd_Cmd
;MyProject.c,85 :: 		LCD_Out_CP("CORRECT");
0x02A9	0x303A      	MOVLW      ?lstr3_MyProject
0x02AA	0x00E9      	MOVWF      FARG_Lcd_Out_CP_text
0x02AB	0x2129      	CALL       _Lcd_Out_CP
;MyProject.c,86 :: 		Motor_Pin = 1;  // Turn on the Motor
0x02AC	0x1786      	BSF        RB7_bit, BitPos(RB7_bit+0)
;MyProject.c,87 :: 		counter=0;      // start counter from the beginning
0x02AD	0x01A0      	CLRF       _counter
0x02AE	0x01A1      	CLRF       _counter+1
;MyProject.c,88 :: 		}else{
0x02AF	0x2AB7      	GOTO       L_main24
L_main23:
;MyProject.c,89 :: 		Lcd_Cmd(_LCD_CLEAR);
0x02B0	0x3001      	MOVLW      1
0x02B1	0x1683      	BSF        STATUS, 5
0x02B2	0x00A2      	MOVWF      FARG_Lcd_Cmd_out_char
0x02B3	0x202F      	CALL       _Lcd_Cmd
;MyProject.c,90 :: 		LCD_Out_CP("WRONG");
0x02B4	0x3042      	MOVLW      ?lstr4_MyProject
0x02B5	0x00E9      	MOVWF      FARG_Lcd_Out_CP_text
0x02B6	0x2129      	CALL       _Lcd_Out_CP
;MyProject.c,91 :: 		}
L_main24:
;MyProject.c,92 :: 		}else{
0x02B7	0x2AC3      	GOTO       L_main25
L_main22:
;MyProject.c,93 :: 		user_password[pass_index] = kp;
0x02B8	0x084D      	MOVF       _pass_index, 0
0x02B9	0x3E52      	ADDLW      _user_password
0x02BA	0x0084      	MOVWF      FSR
0x02BB	0x0851      	MOVF       _kp, 0
0x02BC	0x0080      	MOVWF      INDF
;MyProject.c,94 :: 		pass_index++;
0x02BD	0x0ACD      	INCF       _pass_index, 1
0x02BE	0x1903      	BTFSC      STATUS, 2
0x02BF	0x0ACE      	INCF       _pass_index+1, 1
;MyProject.c,95 :: 		Lcd_Chr_CP('*');
0x02C0	0x302A      	MOVLW      42
0x02C1	0x00ED      	MOVWF      FARG_Lcd_Chr_CP_out_char
0x02C2	0x20CA      	CALL       _Lcd_Chr_CP
;MyProject.c,96 :: 		}
L_main25:
L_main21:
;MyProject.c,97 :: 		}
L_main5:
;MyProject.c,98 :: 		}
0x02C3	0x2A10      	GOTO       L_main0
;MyProject.c,99 :: 		}
L_end_main:
0x02C4	0x2AC4      	GOTO       $+0
; end of _main
0x02FA	0x3020      	MOVLW      32
0x02FB	0x0084      	MOVWF      FSR
0x02FC	0x302F      	MOVLW      47
0x02FD	0x1283      	BCF        STATUS, 5
0x02FE	0x1303      	BCF        STATUS, 6
0x02FF	0x00F0      	MOVWF      R0
0x0300	0x30CA      	MOVLW      202
0x0301	0x00CF      	MOVWF      ___DoICPAddr
0x0302	0x3002      	MOVLW      2
0x0303	0x00D0      	MOVWF      80
0x0304	0x21A3      	CALL       419
0x0305	0x0008      	RETURN
;MyProject.c,0 :: ?ICS_counter
0x02CA	0x3400 ;?ICS_counter+0
0x02CB	0x3400 ;?ICS_counter+1
; end of ?ICS_counter
;MyProject.c,0 :: ?ICS?lstr2_MyProject
0x02CC	0x3445 ;?ICS?lstr2_MyProject+0
0x02CD	0x346E ;?ICS?lstr2_MyProject+1
0x02CE	0x3474 ;?ICS?lstr2_MyProject+2
0x02CF	0x3465 ;?ICS?lstr2_MyProject+3
0x02D0	0x3472 ;?ICS?lstr2_MyProject+4
0x02D1	0x3420 ;?ICS?lstr2_MyProject+5
0x02D2	0x3450 ;?ICS?lstr2_MyProject+6
0x02D3	0x3461 ;?ICS?lstr2_MyProject+7
0x02D4	0x3473 ;?ICS?lstr2_MyProject+8
0x02D5	0x3473 ;?ICS?lstr2_MyProject+9
0x02D6	0x343A ;?ICS?lstr2_MyProject+10
0x02D7	0x3400 ;?ICS?lstr2_MyProject+11
; end of ?ICS?lstr2_MyProject
;MyProject.c,0 :: ?ICS?lstr1_MyProject
0x02D8	0x3445 ;?ICS?lstr1_MyProject+0
0x02D9	0x346E ;?ICS?lstr1_MyProject+1
0x02DA	0x3474 ;?ICS?lstr1_MyProject+2
0x02DB	0x3465 ;?ICS?lstr1_MyProject+3
0x02DC	0x3472 ;?ICS?lstr1_MyProject+4
0x02DD	0x3420 ;?ICS?lstr1_MyProject+5
0x02DE	0x3450 ;?ICS?lstr1_MyProject+6
0x02DF	0x3461 ;?ICS?lstr1_MyProject+7
0x02E0	0x3473 ;?ICS?lstr1_MyProject+8
0x02E1	0x3473 ;?ICS?lstr1_MyProject+9
0x02E2	0x343A ;?ICS?lstr1_MyProject+10
0x02E3	0x3400 ;?ICS?lstr1_MyProject+11
; end of ?ICS?lstr1_MyProject
;MyProject.c,0 :: ?ICS?lstr3_MyProject
0x02E4	0x3443 ;?ICS?lstr3_MyProject+0
0x02E5	0x344F ;?ICS?lstr3_MyProject+1
0x02E6	0x3452 ;?ICS?lstr3_MyProject+2
0x02E7	0x3452 ;?ICS?lstr3_MyProject+3
0x02E8	0x3445 ;?ICS?lstr3_MyProject+4
0x02E9	0x3443 ;?ICS?lstr3_MyProject+5
0x02EA	0x3454 ;?ICS?lstr3_MyProject+6
0x02EB	0x3400 ;?ICS?lstr3_MyProject+7
; end of ?ICS?lstr3_MyProject
;MyProject.c,0 :: ?ICS?lstr4_MyProject
0x02EC	0x3457 ;?ICS?lstr4_MyProject+0
0x02ED	0x3452 ;?ICS?lstr4_MyProject+1
0x02EE	0x344F ;?ICS?lstr4_MyProject+2
0x02EF	0x344E ;?ICS?lstr4_MyProject+3
0x02F0	0x3447 ;?ICS?lstr4_MyProject+4
0x02F1	0x3400 ;?ICS?lstr4_MyProject+5
; end of ?ICS?lstr4_MyProject
;MyProject.c,0 :: ?ICS_My_pass
0x02F2	0x3431 ;?ICS_My_pass+0
0x02F3	0x3432 ;?ICS_My_pass+1
0x02F4	0x3433 ;?ICS_My_pass+2
0x02F5	0x3434 ;?ICS_My_pass+3
0x02F6	0x3400 ;?ICS_My_pass+4
; end of ?ICS_My_pass
;MyProject.c,0 :: ?ICS_pass_index
0x02F7	0x3400 ;?ICS_pass_index+0
0x02F8	0x3400 ;?ICS_pass_index+1
; end of ?ICS_pass_index
Symbol List:
//** Routines locations **
//ADDRESS    SIZE    PROCEDURE
//----------------------------------------------
0x0004      [22]    _interrupt
0x001A       [2]    _Delay_1us
0x001C      [11]    _Delay_5500us
0x0027       [8]    _Delay_50us
0x002F      [87]    _Lcd_Cmd
0x0086       [7]    _Delay_10us
0x008D      [61]    _Keypad_Key_Press
0x00CA       [9]    _Lcd_Chr_CP
0x00D3       [7]    _____DoICP
0x00DA      [32]    _strcmp
0x00FA      [25]    _memset
0x0113      [22]    _strlen
0x0129      [18]    _Lcd_Out_CP
0x013B      [78]    _Lcd_Init
0x0189      [13]    _initialize_timer_Interrupt
0x0196      [13]    _Keypad_Key_Click
0x01A3      [12]    ___CC2DW
0x01AF      [10]    _Keypad_Init
0x01B9      [65]    _Lcd_Out
0x01FA     [202]    _main
//** Variables locations ** 
//ADDRESS    SIZE    VARIABLE
//----------------------------------------------
0x0000       [1]    INDF
0x0001       [1]    TMR0
0x0002       [1]    PCL
0x0003       [1]    STATUS
0x0004       [1]    FSR
0x0006       [0]    Motor_Pin
0x0006       [0]    RB7_bit
0x0007       [0]    LCD_RS
0x0007       [0]    LCD_D4
0x0007       [0]    RC0_bit
0x0007       [0]    LCD_EN
0x0007       [0]    LCD_D5
0x0007       [0]    LCD_D6
0x0007       [0]    LCD_D7
0x0007       [0]    RC1_bit
0x0007       [0]    RC5_bit
0x0007       [0]    RC4_bit
0x0007       [0]    RC3_bit
0x0007       [0]    RC2_bit
0x0008       [1]    keypadPort
0x0008       [1]    PORTD
0x000A       [1]    PCLATH
0x000B       [0]    TMR0IE_bit
0x000B       [0]    GIE_bit
0x000B       [1]    INTCON
0x0020       [2]    _counter
0x0022      [12]    ?lstr2_MyProject
0x002E      [12]    ?lstr1_MyProject
0x003A       [8]    ?lstr3_MyProject
0x0042       [6]    ?lstr4_MyProject
0x0048       [5]    _My_pass
0x004D       [2]    _pass_index
0x004F       [2]    ___DoICPAddr
0x0051       [1]    _kp
0x0052      [20]    _user_password
0x0066       [1]    ___savePCLATH
0x0067       [0]    __Lib_Lcd_cmd_status
0x0068       [1]    ___saveSTATUS
0x0069       [1]    FARG_memset_p1
0x0069       [1]    FARG_Lcd_Out_row
0x0069       [1]    FARG_Lcd_Out_CP_text
0x0069       [1]    FARG_strlen_s
0x0069       [1]    FARG_strcmp_s1
0x0069       [1]    Keypad_Key_Click_rslt_L0
0x006A       [1]    FARG_memset_character
0x006A       [1]    Lcd_Out_CP_i_L0
0x006A       [1]    FARG_Lcd_Out_column
0x006A       [1]    FARG_strcmp_s2
0x006B       [2]    FARG_memset_n
0x006B       [1]    FARG_Lcd_Out_text
0x006C       [1]    Lcd_Out_i_L0
0x006D       [1]    FARG_Lcd_Chr_CP_out_char
0x006D       [1]    Keypad_Key_Press_rslt_L0
0x006E       [1]    Keypad_Key_Press_kdata_L0
0x006F       [1]    Keypad_Key_Press_loc_L0
0x0070       [1]    R0
0x0071       [1]    R1
0x0072       [1]    R2
0x0073       [1]    R3
0x0074       [1]    R4
0x0075       [1]    R5
0x0076       [1]    R6
0x0077       [1]    R7
0x0078       [1]    R8
0x0079       [1]    R9
0x007A       [1]    R10
0x007B       [1]    R11
0x007C       [1]    R12
0x007D       [1]    R13
0x007E       [1]    R14
0x007F       [1]    R15
0x0081       [0]    T0CS_bit
0x0081       [0]    PSA_bit
0x0081       [0]    PS2_bit
0x0081       [0]    PS1_bit
0x0081       [0]    PS0_bit
0x0086       [0]    Motor_Direction
0x0086       [0]    TRISB7_bit
0x0087       [0]    TRISC3_bit
0x0087       [0]    TRISC4_bit
0x0087       [0]    TRISC5_bit
0x0087       [0]    TRISC2_bit
0x0087       [0]    LCD_RS_Direction
0x0087       [0]    TRISC0_bit
0x0087       [0]    TRISC1_bit
0x0087       [0]    LCD_D6_Direction
0x0087       [0]    LCD_D7_Direction
0x0087       [0]    LCD_D5_Direction
0x0087       [0]    LCD_EN_Direction
0x0087       [0]    LCD_D4_Direction
0x00A0       [1]    Keypad_Key_Press_rowcnt_L0
0x00A1       [1]    Keypad_Key_Press_shifter_L0
0x00A2       [1]    FARG_Lcd_Cmd_out_char
//** Constants locations ** 
//ADDRESS    SIZE    CONSTANT
//----------------------------------------------
0x02CA       [2]    ?ICS_counter
0x02CC      [12]    ?ICS?lstr2_MyProject
0x02D8      [12]    ?ICS?lstr1_MyProject
0x02E4       [8]    ?ICS?lstr3_MyProject
0x02EC       [6]    ?ICS?lstr4_MyProject
0x02F2       [5]    ?ICS_My_pass
0x02F7       [2]    ?ICS_pass_index
